<?xml version="1.0" encoding="UTF-8" standalone="yes"?>
<testsuites name="GoogleTest" time="10" tests="1" failures="0" errors="0">
    <testsuite name="GoogleTest" tests="1" failures="0" errors="0" time="10" timestamp="2019-09-08 23:20:44" hostname="Aparna - host.docker.internal" id="Test Suites/GoogleTest">
        <properties>
            <property name="deviceName" value=""/>
            <property name="devicePlatform" value=""/>
            <property name="logFolder" value="C:\\Users\\Aparna\\Katalon Studio\\Google\\Reports\\20190908_232037\\GoogleTest\\20190908_232037"/>
            <property name="logFiles" value="C:\\Users\\Aparna\\Katalon Studio\\Google\\Reports\\20190908_232037\\GoogleTest\\20190908_232037\\execution0.log"/>
            <property name="attachments" value=""/>
            <property name="hostName" value="Aparna - host.docker.internal"/>
            <property name="os" value="Windows 10 64bit"/>
            <property name="katalonVersion" value="6.3.2.4"/>
            <property name="browser" value="Chrome 76.0.3809.132"/>
            <property name="hostAddress" value="192.168.1.242"/>
            <property name="sessionId" value="ab43f1feb11b9057f8e352c42c3baf04"/>
            <property name="seleniumVersion" value="3.141.59"/>
            <property name="proxyInformation" value="ProxyInformation{proxyOption=USE_SYSTEM, proxyServerType=HTTP, password=, proxyServerAddress=, proxyServerPort=0}"/>
            <property name="platform" value="Windows 10"/>
        </properties>
        <testcase name="Test Cases/GoogleSearch" classname="Test Cases/GoogleSearch" status="PASSED">
            <system-out>2019-09-08 23:20:44 - [TEST_CASE][PASSED] - Test Cases/GoogleSearch: Test Cases/GoogleSearch&#xD;
&#xD;
2019-09-08 23:20:45 - [TEST_STEP][PASSED] - openBrowser(""): Browser is opened with url: ''&#xD;
&#xD;
2019-09-08 23:20:45 - [MESSAGE][INFO] - Starting 'Chrome' driver&#xD;
&#xD;
2019-09-08 23:20:45 - [MESSAGE][INFO] - Action delay is set to 0 seconds&#xD;
&#xD;
2019-09-08 23:20:48 - [MESSAGE][PASSED] - Browser is opened with url: ''&#xD;
&#xD;
2019-09-08 23:20:48 - [TEST_STEP][PASSED] - navigateToUrl("https://www.google.com/"): Navigate to 'https://www.google.com/' successfully&#xD;
&#xD;
2019-09-08 23:20:50 - [MESSAGE][PASSED] - Navigate to 'https://www.google.com/' successfully&#xD;
&#xD;
2019-09-08 23:20:50 - [TEST_STEP][PASSED] - setText(findTestObject("Object Repository/Page_Google/input_Show me_q"), "selenium"): Text 'selenium' is set on object 'Object Repository/Page_Google/input_Show me_q'&#xD;
&#xD;
2019-09-08 23:20:50 - [MESSAGE][PASSED] - Text 'selenium' is set on object 'Object Repository/Page_Google/input_Show me_q'&#xD;
&#xD;
2019-09-08 23:20:50 - [TEST_STEP][PASSED] - sendKeys(findTestObject("Object Repository/Page_Google/input_Show me_q"), Keys.chord(ENTER)): Keys 'ENTER + ' sent to object: 'Object Repository/Page_Google/input_Show me_q'&#xD;
&#xD;
2019-09-08 23:20:52 - [MESSAGE][PASSED] - Keys 'ENTER + ' sent to object: 'Object Repository/Page_Google/input_Show me_q'&#xD;
&#xD;
2019-09-08 23:20:52 - [TEST_STEP][PASSED] - delay(2): Delayed 2 second(s)&#xD;
&#xD;
2019-09-08 23:20:54 - [MESSAGE][PASSED] - Delayed 2 second(s)&#xD;
&#xD;
2019-09-08 23:20:54 - [TEST_STEP][PASSED] - pageTitle = getWindowTitle(): Current window's title is: 'selenium - Google Search'&#xD;
&#xD;
2019-09-08 23:20:54 - [MESSAGE][PASSED] - Current window's title is: 'selenium - Google Search'&#xD;
&#xD;
2019-09-08 23:20:54 - [TEST_STEP][PASSED] - verifyMatch(pageTitle, "selenium - Google Search", false): Actual text 'selenium - Google Search' and expected text 'selenium - Google Search' are matched &#xD;
&#xD;
2019-09-08 23:20:54 - [MESSAGE][PASSED] - Actual text 'selenium - Google Search' and expected text 'selenium - Google Search' are matched &#xD;
&#xD;
2019-09-08 23:20:54 - [TEST_STEP][PASSED] - closeBrowser(): Browser is closed&#xD;
&#xD;
2019-09-08 23:20:54 - [MESSAGE][PASSED] - Browser is closed</system-out>
            <system-err></system-err>
        </testcase>
        <system-out>2019-09-08 23:20:44 - [TEST_SUITE][INCOMPLETE] - GoogleTest: null</system-out>
        <system-err>2019-09-08 23:20:44 - [TEST_SUITE][INCOMPLETE] - GoogleTest: null</system-err>
    </testsuite>
</testsuites>
