<?xml version="1.0" encoding="UTF-8" standalone="yes"?>
<testsuites name="GoogleTest" time="44" tests="1" failures="0" errors="0">
    <testsuite name="GoogleTest" tests="1" failures="0" errors="0" time="44" timestamp="2019-09-20 11:08:13" hostname="Aparna - Aparna-PC.mshome.net" id="Test Suites/GoogleTest">
        <properties>
            <property name="deviceName" value=""/>
            <property name="devicePlatform" value=""/>
            <property name="logFolder" value="C:\\Users\\Aparna\\Katalon Studio\\Google\\Reports\\20190920_110747\\GoogleTest\\20190920_110747"/>
            <property name="logFiles" value="C:\\Users\\Aparna\\Katalon Studio\\Google\\Reports\\20190920_110747\\GoogleTest\\20190920_110747\\execution0.log"/>
            <property name="attachments" value=""/>
            <property name="hostName" value="Aparna - Aparna-PC.mshome.net"/>
            <property name="os" value="Windows 10 64bit"/>
            <property name="katalonVersion" value="6.3.3.11"/>
            <property name="browser" value="Chrome 77.0.3865.90"/>
            <property name="hostAddress" value="172.31.210.129"/>
            <property name="sessionId" value="5f4862c08644b40e6122ec1d1dc152d3"/>
            <property name="seleniumVersion" value="3.141.59"/>
            <property name="proxyInformation" value="ProxyInformation{proxyOption=USE_SYSTEM, proxyServerType=HTTP, password=, proxyServerAddress=, proxyServerPort=0}"/>
            <property name="platform" value="Windows 10"/>
        </properties>
        <testcase name="Test Cases/GoogleSearch" classname="Test Cases/GoogleSearch" status="PASSED">
            <system-out>2019-09-20 11:08:13 - [TEST_CASE][PASSED] - Test Cases/GoogleSearch: Test Cases/GoogleSearch&#xD;
&#xD;
2019-09-20 11:08:13 - [TEST_STEP][PASSED] - Start listener action : sampleBeforeTestCase: null&#xD;
&#xD;
2019-09-20 11:08:13 - [TEST_STEP][PASSED] - println(testCaseContext.getTestCaseId()): null&#xD;
&#xD;
2019-09-20 11:08:13 - [TEST_STEP][PASSED] - println(testCaseContext.getTestCaseVariables()): null&#xD;
&#xD;
2019-09-20 11:08:13 - [TEST_STEP][PASSED] - openBrowser(""): Browser is opened with url: ''&#xD;
&#xD;
2019-09-20 11:08:13 - [MESSAGE][INFO] - Starting 'Chrome' driver&#xD;
&#xD;
2019-09-20 11:08:14 - [MESSAGE][INFO] - Action delay is set to 0 seconds&#xD;
&#xD;
2019-09-20 11:08:20 - [MESSAGE][PASSED] - Browser is opened with url: ''&#xD;
&#xD;
2019-09-20 11:08:20 - [TEST_STEP][PASSED] - navigateToUrl("https://www.google.com/"): Navigate to 'https://www.google.com/' successfully&#xD;
&#xD;
2019-09-20 11:08:33 - [MESSAGE][PASSED] - Navigate to 'https://www.google.com/' successfully&#xD;
&#xD;
2019-09-20 11:08:33 - [TEST_STEP][PASSED] - setText(findTestObject("Object Repository/Page_Google/input_Show me_q"), "selenium"): Text 'selenium' is set on object 'Object Repository/Page_Google/input_Show me_q'&#xD;
&#xD;
2019-09-20 11:08:33 - [MESSAGE][PASSED] - Text 'selenium' is set on object 'Object Repository/Page_Google/input_Show me_q'&#xD;
&#xD;
2019-09-20 11:08:33 - [TEST_STEP][PASSED] - sendKeys(findTestObject("Object Repository/Page_Google/input_Show me_q"), Keys.chord(ENTER)): Keys 'ENTER + ' sent to object: 'Object Repository/Page_Google/input_Show me_q'&#xD;
&#xD;
2019-09-20 11:08:54 - [MESSAGE][PASSED] - Keys 'ENTER + ' sent to object: 'Object Repository/Page_Google/input_Show me_q'&#xD;
&#xD;
2019-09-20 11:08:54 - [TEST_STEP][PASSED] - delay(2): Delayed 2 second(s)&#xD;
&#xD;
2019-09-20 11:08:56 - [MESSAGE][PASSED] - Delayed 2 second(s)&#xD;
&#xD;
2019-09-20 11:08:56 - [TEST_STEP][PASSED] - pageTitle = getWindowTitle(): Current window's title is: 'selenium - Google Search'&#xD;
&#xD;
2019-09-20 11:08:56 - [MESSAGE][PASSED] - Current window's title is: 'selenium - Google Search'&#xD;
&#xD;
2019-09-20 11:08:56 - [TEST_STEP][PASSED] - verifyMatch(pageTitle, "selenium - Google Search", false): Actual text 'selenium - Google Search' and expected text 'selenium - Google Search' are matched &#xD;
&#xD;
2019-09-20 11:08:56 - [MESSAGE][PASSED] - Actual text 'selenium - Google Search' and expected text 'selenium - Google Search' are matched &#xD;
&#xD;
2019-09-20 11:08:56 - [TEST_STEP][PASSED] - closeBrowser(): Browser is closed&#xD;
&#xD;
2019-09-20 11:08:57 - [MESSAGE][PASSED] - Browser is closed&#xD;
&#xD;
2019-09-20 11:08:57 - [TEST_STEP][PASSED] - Start listener action : sampleAfterTestCase: null&#xD;
&#xD;
2019-09-20 11:08:57 - [TEST_STEP][PASSED] - println(testCaseContext.getTestCaseId()): null&#xD;
&#xD;
2019-09-20 11:08:57 - [TEST_STEP][PASSED] - println(testCaseContext.getTestCaseStatus()): null</system-out>
            <system-err></system-err>
        </testcase>
        <system-out>2019-09-20 11:08:13 - [TEST_SUITE][INCOMPLETE] - GoogleTest: null</system-out>
        <system-err>2019-09-20 11:08:13 - [TEST_SUITE][INCOMPLETE] - GoogleTest: null</system-err>
    </testsuite>
</testsuites>
