<?xml version="1.0" encoding="UTF-8" standalone="yes"?>
<testsuites name="GoogleTest" time="0" tests="1" failures="0" errors="0">
    <testsuite name="GoogleTest" tests="1" failures="0" errors="0" time="0" timestamp="2019-09-20 11:26:15" hostname="Aparna - Aparna-PC.mshome.net" id="Test Suites/GoogleTest">
        <properties>
            <property name="deviceName" value=""/>
            <property name="devicePlatform" value=""/>
            <property name="logFolder" value="C:\\Users\\Aparna\\Katalon Studio\\Google\\Reports\\20190920_112605\\GoogleTest\\20190920_112605"/>
            <property name="logFiles" value="C:\\Users\\Aparna\\Katalon Studio\\Google\\Reports\\20190920_112605\\GoogleTest\\20190920_112605\\execution0.log"/>
            <property name="attachments" value=""/>
            <property name="hostName" value="Aparna - Aparna-PC.mshome.net"/>
            <property name="hostAddress" value="172.31.210.129"/>
            <property name="os" value="Windows 10 64bit"/>
            <property name="katalonVersion" value="6.3.3.11"/>
        </properties>
        <testcase name="Test Cases/GoogleSearch" classname="Test Cases/GoogleSearch" status="PASSED">
            <system-out>2019-09-20 11:26:16 - [TEST_CASE][PASSED] - Test Cases/GoogleSearch: null&#xD;
&#xD;
2019-09-20 11:26:16 - [TEST_STEP][PASSED] - Start listener action : sampleBeforeTestCase: null&#xD;
&#xD;
2019-09-20 11:26:16 - [TEST_STEP][PASSED] - println(testCaseContext.getTestCaseId()): null&#xD;
&#xD;
2019-09-20 11:26:16 - [TEST_STEP][PASSED] - println(testCaseContext.getTestCaseVariables()): null&#xD;
&#xD;
2019-09-20 11:26:16 - [TEST_STEP][PASSED] - testCaseContext.skipThisTestCase(): null&#xD;
&#xD;
2019-09-20 11:26:16 - [TEST_STEP][PASSED] - Start listener action : sampleAfterTestCase: null&#xD;
&#xD;
2019-09-20 11:26:16 - [TEST_STEP][PASSED] - println(testCaseContext.getTestCaseId()): null&#xD;
&#xD;
2019-09-20 11:26:16 - [TEST_STEP][PASSED] - println(testCaseContext.getTestCaseStatus()): null</system-out>
            <system-err></system-err>
        </testcase>
        <system-out>2019-09-20 11:26:15 - [TEST_SUITE][INCOMPLETE] - GoogleTest: null</system-out>
        <system-err>2019-09-20 11:26:15 - [TEST_SUITE][INCOMPLETE] - GoogleTest: null</system-err>
    </testsuite>
</testsuites>
